<?xml version="1.0" encoding="UTF-8"?>
<!-- Generated by org.testng.reporters.JUnitReportReporter -->
<testsuite skipped="0" hostname="ANKIT-WORKPC" name="org.application.TestScenarios.Tableau_TC01" tests="1" failures="0" timestamp="12 Feb 2021 14:51:06 GMT" time="31.987" errors="0">
  <testcase name="dataAnalyticsAutomation" time="31.987" classname="org.application.TestScenarios.Tableau_TC01"/>
</testsuite> <!-- org.application.TestScenarios.Tableau_TC01 -->
