<?xml version="1.0" encoding="UTF-8"?>
<!-- Generated by org.testng.reporters.JUnitReportReporter -->
<testsuite skipped="0" hostname="ANKIT-WORKPC" name="org.application.TestScenarios.Tableau_TC01" tests="1" failures="0" timestamp="06 Feb 2021 10:58:18 GMT" time="31.970" errors="0">
  <testcase name="dataAnalyticsAutomation" time="31.970" classname="org.application.TestScenarios.Tableau_TC01"/>
</testsuite> <!-- org.application.TestScenarios.Tableau_TC01 -->
